[debug] [2023-04-06T08:16:36.934Z] ----------------------------------------------------------------------
[debug] [2023-04-06T08:16:36.938Z] Command:       C:\Program Files\nodejs\node.exe C:\Users\conny\AppData\Roaming\npm\node_modules\firebase-tools\lib\bin\firebase.js init
[debug] [2023-04-06T08:16:36.939Z] CLI Version:   11.25.3
[debug] [2023-04-06T08:16:36.939Z] Platform:      win32
[debug] [2023-04-06T08:16:36.939Z] Node Version:  v18.15.0
[debug] [2023-04-06T08:16:36.941Z] Time:          Thu Apr 06 2023 10:16:36 GMT+0200 (centraleuropeisk sommartid)
[debug] [2023-04-06T08:16:36.941Z] ----------------------------------------------------------------------
[debug] 
[debug] [2023-04-06T08:16:37.084Z] > command requires scopes: ["email","openid","https://www.googleapis.com/auth/cloudplatformprojects.readonly","https://www.googleapis.com/auth/firebase","https://www.googleapis.com/auth/cloud-platform"]
[debug] [2023-04-06T08:16:37.085Z] > authorizing via signed-in user (digmiab@gmail.com)
[info] 
     ######## #### ########  ######## ########     ###     ######  ########
     ##        ##  ##     ## ##       ##     ##  ##   ##  ##       ##
     ######    ##  ########  ######   ########  #########  ######  ######
     ##        ##  ##    ##  ##       ##     ## ##     ##       ## ##
     ##       #### ##     ## ######## ########  ##     ##  ######  ########

You're about to initialize a Firebase project in this directory:

  C:\Users\conny\OneDrive - Digital Media Installer International AB\WWW\Website

Before we get started, keep in mind:

  * You are initializing within an existing Firebase project directory

[info] 
=== Project Setup
[info] 
[info] First, let's associate this project directory with a Firebase project.
[info] You can create multiple project aliases by running firebase use --add, 
[info] but for now we'll just set up a default project.
[info] 
[debug] [2023-04-06T08:16:50.258Z] Using project from CLI flag: digmistorage
[debug] [2023-04-06T08:16:50.262Z] >>> [apiv2][query] GET https://firebase.googleapis.com/v1beta1/projects/digmistorage [none]
[debug] [2023-04-06T08:16:50.732Z] <<< [apiv2][status] GET https://firebase.googleapis.com/v1beta1/projects/digmistorage 200
[debug] [2023-04-06T08:16:50.732Z] <<< [apiv2][body] GET https://firebase.googleapis.com/v1beta1/projects/digmistorage {"projectId":"digmistorage","projectNumber":"627844945927","displayName":"DigmiStorage","name":"projects/digmistorage","resources":{"hostingSite":"digmistorage","realtimeDatabaseInstance":"digmistorage-default-rtdb","storageBucket":"digmistorage.appspot.com","locationId":"europe-west6"},"state":"ACTIVE","etag":"1_d32680db-1cad-4119-895f-33583474f3dc"}
[info] i  Using project digmistorage (DigmiStorage) 
[info] 
=== Hosting Setup
[info] 
[info] Your public directory is the folder (relative to your project directory) that
[info] will contain Hosting assets to be uploaded with firebase deploy. If you
[info] have a build process for your assets, use your build's output directory.
[info] 
[info] +  Wrote public/404.html 
[debug] [2023-04-06T08:17:44.256Z] >>> [apiv2][query] GET https://www.gstatic.com/firebasejs/releases.json [none]
[debug] [2023-04-06T08:17:44.534Z] <<< [apiv2][status] GET https://www.gstatic.com/firebasejs/releases.json 200
[debug] [2023-04-06T08:17:44.535Z] <<< [apiv2][body] GET https://www.gstatic.com/firebasejs/releases.json {"current":{"version":"9.19.1","browserURL":"https://www.gstatic.com/firebasejs/9.19.1/firebase.js","packageURL":"https://www.gstatic.com/firebasejs/9.19.1/firebase.tgz"},"live":{"version":"9.19","browserURL":"https://www.gstatic.com/firebasejs/live/9.19/firebase.js","packageURL":"https://www.gstatic.com/firebasejs/live/9.19/firebase.tgz"},"components":{"analytics":"https://www.gstatic.com/firebasejs/9.19.1/firebase-analytics.js","app":"https://www.gstatic.com/firebasejs/9.19.1/firebase-app.js","app-check":"https://www.gstatic.com/firebasejs/9.19.1/firebase-app-check.js","auth":"https://www.gstatic.com/firebasejs/9.19.1/firebase-auth.js","auth/cordova":"https://www.gstatic.com/firebasejs/9.19.1/firebase-auth/cordova.js","auth/react-native":"https://www.gstatic.com/firebasejs/9.19.1/firebase-auth/react-native.js","functions":"https://www.gstatic.com/firebasejs/9.19.1/firebase-functions.js","firestore":"https://www.gstatic.com/firebasejs/9.19.1/firebase-firestore.js","firestore/lite":"https://www.gstatic.com/firebasejs/9.19.1/firebase-firestore/lite.js","installations":"https://www.gstatic.com/firebasejs/9.19.1/firebase-installations.js","storage":"https://www.gstatic.com/firebasejs/9.19.1/firebase-storage.js","performance":"https://www.gstatic.com/firebasejs/9.19.1/firebase-performance.js","remote-config":"https://www.gstatic.com/firebasejs/9.19.1/firebase-remote-config.js","messaging":"https://www.gstatic.com/firebasejs/9.19.1/firebase-messaging.js","messaging/sw":"https://www.gstatic.com/firebasejs/9.19.1/firebase-messaging/sw.js","database":"https://www.gstatic.com/firebasejs/9.19.1/firebase-database.js","firestore.memory":"https://www.gstatic.com/firebasejs/9.19.1/firebase-firestore.memory.js"}}
[info] i  Skipping write of public/index.html 
[info] 
[info] i  Didn't detect a .git folder. Assuming C:\Users\conny\OneDrive - Digital Media Installer International AB\WWW\Website is the project root. 
[info] i  Authorizing with GitHub to upload your service account to a GitHub repository's secrets store. 
[info] 
[info] Visit this URL on this device to log in:
[info] https://github.com/login/oauth/authorize?client_id=89cf50f02ac6aaed3484&state=1013645566&redirect_uri=http%3A%2F%2Flocalhost%3A9005&scope=read%3Auser%20repo%20public_repo
[info] 
[info] Waiting for authentication...
[debug] [2023-04-06T08:18:13.334Z] >>> [apiv2][query] POST https://github.com/login/oauth/access_token [none]
[debug] [2023-04-06T08:18:13.334Z] >>> [apiv2][body] POST https://github.com/login/oauth/access_token [stream]
[debug] [2023-04-06T08:18:13.712Z] <<< [apiv2][status] POST https://github.com/login/oauth/access_token 200
[debug] [2023-04-06T08:18:13.712Z] <<< [apiv2][body] POST https://github.com/login/oauth/access_token {"access_token":"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","token_type":"bearer","scope":"read:user,repo"}
[debug] [2023-04-06T08:18:13.723Z] >>> [apiv2][query] GET https://api.github.com/user [none]
[debug] [2023-04-06T08:18:14.104Z] <<< [apiv2][status] GET https://api.github.com/user 200
[debug] [2023-04-06T08:18:14.104Z] <<< [apiv2][body] GET https://api.github.com/user {"login":"digmiab","id":130040132,"node_id":"U_kgDOB8BBRA","avatar_url":"https://avatars.githubusercontent.com/u/130040132?v=4","gravatar_id":"","url":"https://api.github.com/users/digmiab","html_url":"https://github.com/digmiab","followers_url":"https://api.github.com/users/digmiab/followers","following_url":"https://api.github.com/users/digmiab/following{/other_user}","gists_url":"https://api.github.com/users/digmiab/gists{/gist_id}","starred_url":"https://api.github.com/users/digmiab/starred{/owner}{/repo}","subscriptions_url":"https://api.github.com/users/digmiab/subscriptions","organizations_url":"https://api.github.com/users/digmiab/orgs","repos_url":"https://api.github.com/users/digmiab/repos","events_url":"https://api.github.com/users/digmiab/events{/privacy}","received_events_url":"https://api.github.com/users/digmiab/received_events","type":"User","site_admin":false,"name":null,"company":null,"blog":"","location":null,"email":null,"hireable":null,"bio":null,"twitter_username":null,"public_repos":0,"public_gists":0,"followers":0,"following":0,"created_at":"2023-04-06T07:50:52Z","updated_at":"2023-04-06T07:50:52Z","private_gists":0,"total_private_repos":1,"owned_private_repos":1,"disk_usage":0,"collaborators":0,"two_factor_authentication":false,"plan":{"name":"free","space":976562499,"collaborators":0,"private_repos":10000}}
[info] 
[info] +  Success! Logged into GitHub as digmiab 
[info] 
